Arguments: 
  C:\Program Files\nodejs\node.exe C:\Users\Wallace Guimarães\AppData\Roaming\npm\node_modules\yarn\bin\yarn.js add typescript @types/react @types/react-dom @types/node -D

PATH: 
  C:\WINDOWS\system32;C:\WINDOWS;C:\WINDOWS\System32\Wbem;C:\WINDOWS\System32\WindowsPowerShell\v1.0\;C:\Program Files\Microsoft SQL Server\Client SDK\ODBC\130\Tools\Binn\;C:\Program Files (x86)\Microsoft SQL Server\140\Tools\Binn\;C:\Program Files\Microsoft SQL Server\140\Tools\Binn\;C:\Program Files\Microsoft SQL Server\140\DTS\Binn\;C:\Program Files\dotnet\;C:\Program Files\Microsoft SQL Server\130\Tools\Binn\;C:\WINDOWS\System32\OpenSSH\;C:\Program Files\nodejs\;C:\Program Files\Git\cmd;C:\xampp\php;C:\xampp\htdocs\siscad;C:\composer;“C:\Program Files\JAVA2\jdk-10.0.1\bin;C:\Users\Wallace Guimarães\AppData\Local\Programs\Microsoft VS Code\bin;C:\Users\Wallace Guimarães\AppData\Local\Microsoft\WindowsApps;C:\Users\Wallace Guimarães\AppData\Roaming\npm;C:\Users\Wallace Guimarães\AppData\Roaming\Composer\vendor\bin;C:\Program Files\heroku\bin

Yarn version: 
  1.22.10

Node version: 
  12.18.1

Platform: 
  win32 x64

Trace: 
  Error: https://registry.yarnpkg.com/next: ESOCKETTIMEDOUT
      at ClientRequest.<anonymous> (C:\Users\Wallace Guimarães\AppData\Roaming\npm\node_modules\yarn\lib\cli.js:141289:19)
      at Object.onceWrapper (events.js:421:28)
      at ClientRequest.emit (events.js:315:20)
      at TLSSocket.emitRequestTimeout (_http_client.js:709:9)
      at Object.onceWrapper (events.js:421:28)
      at TLSSocket.emit (events.js:327:22)
      at TLSSocket.Socket._onTimeout (net.js:481:8)
      at listOnTimeout (internal/timers.js:549:17)
      at processTimers (internal/timers.js:492:7)

npm manifest: 
  {
    "name": "moveit-next",
    "version": "0.1.0",
    "private": true,
    "scripts": {
      "dev": "next dev",
      "build": "next build",
      "start": "next start"
    },
    "dependencies": {
      "next": "10.0.7",
      "react": "17.0.1",
      "react-dom": "17.0.1"
    }
  }

yarn manifest: 
  No manifest

Lockfile: 
  No lockfile
